[2025-04-29 12:30:01] INFO __main__: Scraping WSP show data...
[2025-04-29 12:30:09] INFO __main__: Scraped 3,229 shows.
[2025-04-29 12:30:09] INFO __main__: Scraping WSP song catalog...
[2025-04-29 12:30:10] INFO __main__: Scraped 696 songs.
[2025-04-29 12:30:10] INFO __main__: Scraping WSP setlists (all mode...
[2025-04-29 12:30:10] INFO __main__: Number of shows to scrape: 3229
[2025-04-29 12:44:57] INFO __main__: Scraped setlist data for all years now has 62066 rows.
[2025-04-29 12:44:57] INFO __main__: Saving WSP data...
[2025-04-29 12:44:57] INFO save_data: No future shows found after filtering.
[2025-04-29 12:44:57] INFO save_data: No future shows found.
[2025-04-29 12:44:58] INFO __main__: WSP scraping pipeline completed in 896.26 seconds.
[2025-04-29 12:50:16] INFO __main__: Scraping WSP show data...
[2025-04-29 12:50:24] INFO __main__: Scraped 3,229 shows.
[2025-04-29 12:50:24] INFO __main__: Scraping WSP song catalog...
[2025-04-29 12:50:25] INFO __main__: Scraped 696 songs.
[2025-04-29 12:50:25] INFO __main__: Scraping WSP setlists (all mode)
[2025-04-29 12:50:25] INFO __main__: Number of shows to scrape: 3229
[2025-04-29 12:50:25] INFO __main__: Loaded existing setlistdata.csv with 62,018 rows.
[2025-04-29 12:50:33] INFO __main__: Scraped/updated setlist data for all years now has 62,067 rows.
[2025-04-29 12:50:33] INFO __main__: Saving WSP data...
[2025-04-29 12:50:33] INFO save_data: Today's date: 2025-04-29
[2025-04-29 12:50:33] INFO save_data: Final Show Date: NaT
[2025-04-29 12:50:33] INFO save_data: No future shows found after filtering.
[2025-04-29 12:50:33] INFO save_data: No future shows found.
[2025-04-29 12:50:34] INFO __main__: WSP scraping pipeline completed in 18.22 seconds.
[2025-04-29 12:54:37] INFO __main__: Scraping WSP show data...
[2025-04-29 12:54:44] INFO __main__: Scraped 3,229 shows.
[2025-04-29 12:54:44] INFO __main__: Scraping WSP song catalog...
[2025-04-29 12:54:45] INFO __main__: Scraped 696 songs.
[2025-04-29 12:54:45] INFO __main__: Scraping WSP setlists (all mode)
[2025-04-29 12:54:45] ERROR __main__: WSP pipeline failed: name 'setlistdata_path' is not defined
Traceback (most recent call last):
  File "/Users/connorkitchings/Desktop/Repositories/Concerts/1 - Setlist Creation/WSP/main.py", line 32, in <module>
    if os.path.exists(setlistdata_path):
NameError: name 'setlistdata_path' is not defined

[2025-04-29 12:55:28] INFO __main__: Scraping WSP show data...
[2025-04-29 12:55:36] INFO __main__: Scraped 3,229 shows.
[2025-04-29 12:55:36] INFO __main__: Scraping WSP song catalog...
[2025-04-29 12:55:37] INFO __main__: Scraped 696 songs.
[2025-04-29 12:55:37] INFO __main__: Scraping WSP setlists (all mode)
[2025-04-29 12:55:37] INFO __main__: Loaded existing setlistdata.csv with 61,997 rows.
[2025-04-29 12:55:45] INFO __main__: Scraped/updated setlist data for all years now has 62,067 rows.
[2025-04-29 12:55:45] INFO __main__: Saving WSP data...
[2025-04-29 12:55:45] INFO save_data: Today's date: 2025-04-29
[2025-04-29 12:55:45] INFO save_data: Final Show Date: NaT
[2025-04-29 12:55:45] INFO save_data: No future shows found after filtering.
[2025-04-29 12:55:45] INFO save_data: No future shows found.
[2025-04-29 12:55:45] INFO __main__: WSP scraping pipeline completed in 16.97 seconds.
[2025-04-29 12:58:41] INFO __main__: Scraping WSP show data...
[2025-04-29 12:58:48] INFO __main__: Scraped 3,229 shows.
[2025-04-29 12:58:48] INFO __main__: Scraping WSP song catalog...
[2025-04-29 12:58:49] INFO __main__: Scraped 696 songs.
[2025-04-29 12:58:49] INFO __main__: Scraping WSP setlists (all mode)
[2025-04-29 12:58:50] INFO __main__: Loaded existing setlistdata.csv with 62,067 rows.
[2025-04-29 12:58:58] INFO __main__: Scraped/updated setlist data for all years now has 62,067 rows.
[2025-04-29 12:58:58] INFO __main__: Saving WSP data...
[2025-04-29 12:58:58] INFO save_data: Today's date: 2025-04-29
[2025-04-29 12:58:58] INFO save_data: Final Show Date: NaT
[2025-04-29 12:58:58] INFO save_data: No future shows found after filtering.
[2025-04-29 12:58:58] INFO save_data: No future shows found.
[2025-04-29 12:58:58] INFO __main__: WSP scraping pipeline completed in 17.53 seconds.
[2025-04-29 13:01:16] INFO __main__: Scraping WSP show data...
[2025-04-29 13:01:24] INFO __main__: Scraped 3,229 shows.
[2025-04-29 13:01:24] INFO __main__: Scraping WSP song catalog...
[2025-04-29 13:01:25] INFO __main__: Scraped 696 songs.
[2025-04-29 13:01:25] INFO __main__: Scraping WSP setlists (all mode)
[2025-04-29 13:01:25] INFO __main__: Loaded existing setlistdata.csv with 62,067 rows.
[2025-04-29 13:01:34] INFO __main__: Scraped/updated setlist data for all years now has 62,067 rows.
[2025-04-29 13:01:34] INFO __main__: Saving WSP data...
[2025-04-29 13:01:34] INFO save_data: Today's date: 2025-04-29
[2025-04-29 13:01:34] INFO save_data: Final Show Date: NaT
[2025-04-29 13:01:34] INFO save_data: No future shows found after filtering.
[2025-04-29 13:01:34] INFO save_data: No future shows found.
[2025-04-29 13:01:34] INFO __main__: WSP scraping pipeline completed in 17.92 seconds.
[2025-04-29 13:06:22] INFO __main__: Scraping WSP show data...
[2025-04-29 13:06:29] INFO __main__: Scraped 3,229 shows.
[2025-04-29 13:06:29] INFO __main__: Scraping WSP song catalog...
[2025-04-29 13:06:30] INFO __main__: Scraped 696 songs.
[2025-04-29 13:06:30] INFO __main__: Scraping WSP setlists (all mode)
[2025-04-29 13:06:30] INFO __main__: Loaded existing setlistdata.csv with 62,067 rows.
[2025-04-29 13:06:39] INFO __main__: Scraped/updated setlist data for all years now has 62,067 rows.
[2025-04-29 13:06:39] INFO __main__: Saving WSP data...
[2025-04-29 13:06:39] INFO save_data: Today's date: 2025-04-29
[2025-04-29 13:06:39] INFO save_data: Final Show Date: NaT
[2025-04-29 13:06:39] INFO save_data: No future shows found after filtering.
[2025-04-29 13:06:39] INFO save_data: No future shows found.
[2025-04-29 13:06:39] INFO __main__: WSP scraping pipeline completed in 16.80 seconds.
[2025-04-29 13:07:22] INFO __main__: Scraping WSP show data...
[2025-04-29 13:07:29] INFO __main__: Scraped 3,229 shows.
[2025-04-29 13:07:29] INFO __main__: Scraping WSP song catalog...
[2025-04-29 13:07:30] INFO __main__: Scraped 696 songs.
[2025-04-29 13:07:30] INFO __main__: Scraping WSP setlists (all mode)
[2025-04-29 13:07:30] INFO __main__: Loaded existing setlistdata.csv with 62,067 rows.
[2025-04-29 13:07:39] INFO __main__: Scraped/updated setlist data for all years now has 62,067 rows.
[2025-04-29 13:07:39] INFO __main__: Saving WSP data...
[2025-04-29 13:07:39] INFO save_data: Today's date: 2025-04-29
[2025-04-29 13:07:39] INFO save_data: Final Show Date: NaT
[2025-04-29 13:07:39] INFO save_data: No future shows found after filtering.
[2025-04-29 13:07:39] INFO save_data: No future shows found.
[2025-04-29 13:07:40] INFO __main__: WSP scraping pipeline completed in 17.67 seconds.
[2025-04-29 13:11:30] INFO __main__: Scraping WSP show data...
[2025-04-29 13:11:37] INFO __main__: Scraped 3,229 shows.
[2025-04-29 13:11:37] INFO __main__: Scraping WSP song catalog...
[2025-04-29 13:11:38] INFO __main__: Scraped 696 songs.
[2025-04-29 13:11:38] INFO __main__: Scraping WSP setlists (all mode)
[2025-04-29 13:11:38] INFO __main__: Loaded existing setlistdata.csv with 62,067 rows.
[2025-04-29 13:11:46] INFO __main__: Scraped/updated setlist data for all years now has 62,067 rows.
[2025-04-29 13:11:46] INFO __main__: Saving WSP data...
[2025-04-29 13:11:46] INFO save_data: Saved data to CSV files in the data directory.
[2025-04-29 13:11:46] INFO save_data: Saved last_updated timestamp.
[2025-04-29 13:11:46] INFO save_data: Today's date: 2025-04-29
[2025-04-29 13:11:46] INFO save_data: Type of date: <class 'datetime.date'>
[2025-04-29 13:11:46] ERROR __main__: WSP pipeline failed: 'show_date'
Traceback (most recent call last):
  File "/Library/Frameworks/Python.framework/Versions/3.10/lib/python3.10/site-packages/pandas/core/indexes/base.py", line 3805, in get_loc
    return self._engine.get_loc(casted_key)
  File "index.pyx", line 167, in pandas._libs.index.IndexEngine.get_loc
  File "index.pyx", line 196, in pandas._libs.index.IndexEngine.get_loc
  File "pandas/_libs/hashtable_class_helper.pxi", line 7081, in pandas._libs.hashtable.PyObjectHashTable.get_item
  File "pandas/_libs/hashtable_class_helper.pxi", line 7089, in pandas._libs.hashtable.PyObjectHashTable.get_item
KeyError: 'show_date'

The above exception was the direct cause of the following exception:

Traceback (most recent call last):
  File "/Users/connorkitchings/Desktop/Repositories/Concerts/1 - Setlist Creation/WSP/main.py", line 47, in <module>
    save_wsp_data(song_data, show_data, setlist_data, data_dir)
  File "/Users/connorkitchings/Desktop/Repositories/Concerts/1 - Setlist Creation/WSP/save_data.py", line 36, in save_wsp_data
    logger.info(f"Show Data show_date type: {type(show_data['show_date'].iloc[0])}")
  File "/Library/Frameworks/Python.framework/Versions/3.10/lib/python3.10/site-packages/pandas/core/frame.py", line 4102, in __getitem__
    indexer = self.columns.get_loc(key)
  File "/Library/Frameworks/Python.framework/Versions/3.10/lib/python3.10/site-packages/pandas/core/indexes/base.py", line 3812, in get_loc
    raise KeyError(key) from err
KeyError: 'show_date'

[2025-04-29 13:15:02] INFO __main__: Scraping WSP show data...
[2025-04-29 13:15:09] INFO __main__: Scraped 3,229 shows.
[2025-04-29 13:15:09] INFO __main__: Scraping WSP song catalog...
[2025-04-29 13:15:10] INFO __main__: Scraped 696 songs.
[2025-04-29 13:15:10] INFO __main__: Scraping WSP setlists (all mode)
[2025-04-29 13:15:10] INFO __main__: Loaded existing setlistdata.csv with 62,067 rows.
[2025-04-29 13:15:19] INFO __main__: Scraped/updated setlist data for all years now has 62,067 rows.
[2025-04-29 13:15:19] INFO __main__: Saving WSP data...
[2025-04-29 13:15:19] INFO save_data: Saved data to CSV files in the data directory.
[2025-04-29 13:15:19] INFO save_data: Saved last_updated timestamp.
[2025-04-29 13:15:19] INFO save_data: Today's date: 2025-04-29
[2025-04-29 13:15:19] INFO save_data: Type of date: <class 'datetime.date'>
[2025-04-29 13:15:19] ERROR __main__: WSP pipeline failed: 'show_date'
Traceback (most recent call last):
  File "/Library/Frameworks/Python.framework/Versions/3.10/lib/python3.10/site-packages/pandas/core/indexes/base.py", line 3805, in get_loc
    return self._engine.get_loc(casted_key)
  File "index.pyx", line 167, in pandas._libs.index.IndexEngine.get_loc
  File "index.pyx", line 196, in pandas._libs.index.IndexEngine.get_loc
  File "pandas/_libs/hashtable_class_helper.pxi", line 7081, in pandas._libs.hashtable.PyObjectHashTable.get_item
  File "pandas/_libs/hashtable_class_helper.pxi", line 7089, in pandas._libs.hashtable.PyObjectHashTable.get_item
KeyError: 'show_date'

The above exception was the direct cause of the following exception:

Traceback (most recent call last):
  File "/Users/connorkitchings/Desktop/Repositories/Concerts/1 - Setlist Creation/WSP/main.py", line 47, in <module>
    save_wsp_data(song_data, show_data, setlist_data, data_dir)
  File "/Users/connorkitchings/Desktop/Repositories/Concerts/1 - Setlist Creation/WSP/save_data.py", line 36, in save_wsp_data
    logger.info(f"Show Data show_date type: {type(show_data['show_date'].iloc[0])}")
  File "/Library/Frameworks/Python.framework/Versions/3.10/lib/python3.10/site-packages/pandas/core/frame.py", line 4102, in __getitem__
    indexer = self.columns.get_loc(key)
  File "/Library/Frameworks/Python.framework/Versions/3.10/lib/python3.10/site-packages/pandas/core/indexes/base.py", line 3812, in get_loc
    raise KeyError(key) from err
KeyError: 'show_date'

